c:\users\shazib\desktop\kernel1\template\x64\debug\vc120.pdb
c:\users\shazib\desktop\kernel1\template\x64\debug\vc120.idb
c:\users\shazib\desktop\kernel1\template\x64\debug\template_cpu.obj
c:\users\shazib\desktop\bin\win64\debug\template.ilk
c:\users\shazib\desktop\bin\win64\debug\template.exe
c:\users\shazib\desktop\bin\win64\debug\template.pdb
c:\users\shazib\desktop\bin\win64\debug\template.lib
c:\users\shazib\desktop\bin\win64\debug\template.exp
c:\users\shazib\desktop\kernel1\x64\debug\template.cu.cache
c:\users\shazib\desktop\kernel1\x64\debug\template.cu.obj
c:\users\shazib\desktop\kernel1\x64\debug\template_cpu.obj
c:\users\shazib\desktop\kernel1\x64\debug\vc120.idb
c:\users\shazib\desktop\kernel1\x64\debug\vc120.pdb
c:\users\shazib\desktop\kernel1\x64\debug\template.tlog\cl.command.1.tlog
c:\users\shazib\desktop\kernel1\x64\debug\template.tlog\cl.read.1.tlog
c:\users\shazib\desktop\kernel1\x64\debug\template.tlog\cl.write.1.tlog
c:\users\shazib\desktop\kernel1\x64\debug\template.tlog\link.command.1.tlog
c:\users\shazib\desktop\kernel1\x64\debug\template.tlog\link.read.1.tlog
c:\users\shazib\desktop\kernel1\x64\debug\template.tlog\link.write.1.tlog
c:\users\shazib\desktop\kernel1\x64\debug\template.tlog\template.write.1u.tlog
