Build started 01/05/2015 10:22:29.
     1>Project "C:\Users\Shazib\Desktop\Kernel5\template_vs2013.vcxproj" on node 2 (Build target(s)).
     1>AddCudaCompileDeps:
         C:\Program Files (x86)\Microsoft Visual Studio 12.0\VC\bin\x86_amd64\cl.exe /E /nologo /showIncludes /TP /D__CUDACC__ /DWIN32 /DWIN32 /D_MBCS /D_MBCS /I./ /I../../common/inc /I"C:\Program Files\NVIDIA Corporation\CUDA Samples\common\inc" /I"C:\Program Files\NVIDIA Corporation\CUDA Samples\common\inc" /I./ /I"C:\Program Files\NVIDIA GPU Computing Toolkit\CUDA\v7.0\/include" /I../../common/inc /I"C:\Program Files\NVIDIA GPU Computing Toolkit\CUDA\v7.0\bin" /I"C:\Program Files\NVIDIA GPU Computing Toolkit\CUDA\v7.0\include" /I. /FIcuda_runtime.h /c C:\Users\Shazib\Desktop\Kernel5\template.cu 
       CudaBuild:
         Compiling CUDA source file template.cu...
         cmd.exe /C "C:\Users\Shazib\AppData\Local\Temp\tmp596a6724347e446f86b19eae211079bf.cmd"
         "C:\Program Files\NVIDIA GPU Computing Toolkit\CUDA\v7.0\bin\nvcc.exe" -gencode=arch=compute_20,code=\"sm_20,compute_20\" -gencode=arch=compute_30,code=\"sm_30,compute_30\" -gencode=arch=compute_35,code=\"sm_35,compute_35\" -gencode=arch=compute_37,code=\"sm_37,compute_37\" -gencode=arch=compute_50,code=\"sm_50,compute_50\" -gencode=arch=compute_52,code=\"sm_52,compute_52\" --use-local-env --cl-version 2013 -ccbin "C:\Program Files (x86)\Microsoft Visual Studio 12.0\VC\bin\x86_amd64"  -I./ -I../../common/inc -I"C:\Program Files\NVIDIA Corporation\CUDA Samples\common\inc" -I"C:\Program Files\NVIDIA Corporation\CUDA Samples\common\inc" -I./ -I"C:\Program Files\NVIDIA GPU Computing Toolkit\CUDA\v7.0\/include" -I../../common/inc -I"C:\Program Files\NVIDIA GPU Computing Toolkit\CUDA\v7.0\include"     --keep-dir x64\Release -maxrregcount=0  --machine 64 --compile -cudart static -Xcompiler "/wd 4819"     -DWIN32 -DWIN32 -D_MBCS -D_MBCS -Xcompiler "/EHsc /W3 /nologo /O2 /Zi  /MT  " -o x64/Release/template.cu.obj "C:\Users\Shazib\Desktop\Kernel5\template.cu"
         
         C:\Users\Shazib\Desktop\Kernel5>"C:\Program Files\NVIDIA GPU Computing Toolkit\CUDA\v7.0\bin\nvcc.exe" -gencode=arch=compute_20,code=\"sm_20,compute_20\" -gencode=arch=compute_30,code=\"sm_30,compute_30\" -gencode=arch=compute_35,code=\"sm_35,compute_35\" -gencode=arch=compute_37,code=\"sm_37,compute_37\" -gencode=arch=compute_50,code=\"sm_50,compute_50\" -gencode=arch=compute_52,code=\"sm_52,compute_52\" --use-local-env --cl-version 2013 -ccbin "C:\Program Files (x86)\Microsoft Visual Studio 12.0\VC\bin\x86_amd64"  -I./ -I../../common/inc -I"C:\Program Files\NVIDIA Corporation\CUDA Samples\common\inc" -I"C:\Program Files\NVIDIA Corporation\CUDA Samples\common\inc" -I./ -I"C:\Program Files\NVIDIA GPU Computing Toolkit\CUDA\v7.0\/include" -I../../common/inc -I"C:\Program Files\NVIDIA GPU Computing Toolkit\CUDA\v7.0\include"     --keep-dir x64\Release -maxrregcount=0  --machine 64 --compile -cudart static -Xcompiler "/wd 4819"     -DWIN32 -DWIN32 -D_MBCS -D_MBCS -Xcompiler "/EHsc /W3 /nologo /O2 /Zi  /MT  " -o x64/Release/template.cu.obj "C:\Users\Shazib\Desktop\Kernel5\template.cu" 
         template.cu
     1>C:/Users/Shazib/Desktop/Kernel5/template.cu(75): warning C4244: 'initializing' : conversion from 'double' to 'float', possible loss of data
     1>C:/Users/Shazib/Desktop/Kernel5/template.cu(76): warning C4244: 'initializing' : conversion from 'double' to 'float', possible loss of data
     1>C:/Users/Shazib/Desktop/Kernel5/template.cu(78): warning C4244: 'initializing' : conversion from 'double' to 'float', possible loss of data
     1>C:\Program Files\NVIDIA GPU Computing Toolkit\CUDA\v7.0\include\cuda_runtime.h(1541): warning C4267: '=' : conversion from 'size_t' to 'int', possible loss of data
                 C:\Program Files\NVIDIA GPU Computing Toolkit\CUDA\v7.0\include\cuda_runtime.h(1623) : see reference to function template instantiation 'cudaError_t cudaOccupancyMaxPotentialBlockSizeVariableSMemWithFlags<__cudaOccupancyB2DHelper,void(__cdecl *)(const float *,float *,int,int,size_t)>(int *,int *,T,UnaryFunction,int,unsigned int)' being compiled
                 with
                 [
                     T=void (__cdecl *)(const float *,float *,int,int,size_t)
         ,            UnaryFunction=__cudaOccupancyB2DHelper
                 ]
                 C:/Users/Shazib/Desktop/Kernel5/template.cu(121) : see reference to function template instantiation 'cudaError_t cudaOccupancyMaxPotentialBlockSize<void(__cdecl *)(const float *,float *,int,int,size_t)>(int *,int *,T,size_t,int)' being compiled
                 with
                 [
                     T=void (__cdecl *)(const float *,float *,int,int,size_t)
                 ]
       Link:
         C:\Program Files (x86)\Microsoft Visual Studio 12.0\VC\bin\x86_amd64\link.exe /ERRORREPORT:PROMPT /OUT:"../../bin/win64/Release//template.exe" /NOLOGO /LIBPATH:"C:\Program Files\NVIDIA GPU Computing Toolkit\CUDA\v7.0\lib\x64" cudart_static.lib kernel32.lib user32.lib gdi32.lib winspool.lib comdlg32.lib advapi32.lib shell32.lib ole32.lib oleaut32.lib uuid.lib odbc32.lib odbccp32.lib kernel32.lib user32.lib gdi32.lib winspool.lib comdlg32.lib advapi32.lib shell32.lib ole32.lib oleaut32.lib uuid.lib odbc32.lib odbccp32.lib /MANIFEST /MANIFESTUAC:"level='asInvoker' uiAccess='false'" /manifest:embed /PDB:"../../bin/win64/Release/template.pdb" /SUBSYSTEM:CONSOLE /LTCG /TLBID:1 /DYNAMICBASE /NXCOMPAT /IMPLIB:"../../bin/win64/Release/template.lib" /MACHINE:X64 x64/Release/template.cu.obj
            Creating library ../../bin/win64/Release/template.lib and object ../../bin/win64/Release/template.exp
         LINK : /LTCG specified but no code generation required; remove /LTCG from the link command line to improve linker performance
         template_vs2013.vcxproj -> C:\Users\Shazib\Desktop\Kernel5\../../bin/win64/Release/template.exe
     1>Done Building Project "C:\Users\Shazib\Desktop\Kernel5\template_vs2013.vcxproj" (Build target(s)).

Build succeeded.

Time Elapsed 00:00:32.91
